TN:
SF:src\Components\Common\Footer.tsx
FN:6,(anonymous_1)
FNF:1
FNH:1
FNDA:4,(anonymous_1)
DA:2,1
DA:3,1
DA:4,1
DA:6,1
DA:7,4
DA:134,1
LF:6
LH:6
BRF:0
BRH:0
end_of_record
TN:
SF:src\Components\Layouts\Auth\Loginform.tsx
FN:18,(anonymous_0)
FN:28,(anonymous_1)
FN:29,(anonymous_2)
FN:127,(anonymous_3)
FN:166,(anonymous_4)
FN:183,(anonymous_5)
FN:249,(anonymous_6)
FNF:7
FNH:7
FNDA:24,(anonymous_0)
FNDA:5,(anonymous_1)
FNDA:4,(anonymous_2)
FNDA:4,(anonymous_3)
FNDA:3,(anonymous_4)
FNDA:2,(anonymous_5)
FNDA:1,(anonymous_6)
DA:1,1
DA:2,1
DA:3,1
DA:13,1
DA:14,1
DA:15,1
DA:18,1
DA:19,24
DA:20,24
DA:21,24
DA:22,24
DA:23,24
DA:24,24
DA:25,24
DA:26,24
DA:28,24
DA:29,5
DA:30,4
DA:31,4
DA:33,5
DA:34,5
DA:35,5
DA:36,5
DA:38,5
DA:40,5
DA:41,1
DA:42,1
DA:44,5
DA:45,2
DA:46,2
DA:48,5
DA:49,1
DA:52,4
DA:53,1
DA:54,1
DA:56,4
DA:57,1
DA:58,1
DA:61,3
DA:63,3
DA:64,3
DA:65,1
DA:66,1
DA:67,1
DA:69,1
DA:70,1
DA:72,2
DA:76,24
DA:127,4
DA:166,3
DA:183,2
DA:249,1
DA:270,1
LF:53
LH:53
BRDA:40,0,0,1
BRDA:44,1,0,2
BRDA:48,2,0,1
BRDA:52,3,0,1
BRDA:56,4,0,1
BRDA:164,5,0,1
BRDA:164,5,1,23
BRDA:185,6,0,1
BRDA:185,6,1,23
BRDA:188,7,0,1
BRDA:188,7,1,23
BRDA:207,8,0,24
BRDA:207,8,1,1
BRDA:233,9,0,3
BRDA:233,9,1,21
BRF:15
BRH:15
end_of_record
TN:
SF:src\Components\Layouts\Auth\SignupForm.tsx
FN:14,(anonymous_0)
FN:29,(anonymous_1)
FN:34,(anonymous_2)
FN:37,(anonymous_3)
FN:154,(anonymous_4)
FN:176,(anonymous_5)
FN:199,(anonymous_6)
FN:222,(anonymous_7)
FN:283,(anonymous_8)
FNF:9
FNH:9
FNDA:184,(anonymous_0)
FNDA:3,(anonymous_1)
FNDA:8,(anonymous_2)
FNDA:6,(anonymous_3)
FNDA:13,(anonymous_4)
FNDA:46,(anonymous_5)
FNDA:70,(anonymous_6)
FNDA:37,(anonymous_7)
FNDA:1,(anonymous_8)
DA:1,1
DA:2,1
DA:3,1
DA:4,1
DA:12,1
DA:14,1
DA:15,184
DA:16,184
DA:17,184
DA:18,184
DA:19,184
DA:20,184
DA:22,184
DA:23,184
DA:24,184
DA:25,184
DA:27,184
DA:29,184
DA:30,3
DA:31,3
DA:34,184
DA:35,8
DA:36,8
DA:37,8
DA:38,6
DA:39,6
DA:40,6
DA:42,6
DA:43,1
DA:45,5
DA:46,1
DA:48,4
DA:49,1
DA:51,3
DA:54,8
DA:55,8
DA:56,8
DA:57,8
DA:58,8
DA:60,8
DA:62,8
DA:63,6
DA:64,6
DA:66,8
DA:67,5
DA:68,5
DA:69,3
DA:70,1
DA:71,1
DA:73,8
DA:74,2
DA:75,2
DA:77,6
DA:78,6
DA:79,3
DA:80,3
DA:83,8
DA:84,5
DA:85,5
DA:86,3
DA:87,1
DA:88,1
DA:91,8
DA:92,6
DA:93,6
DA:96,2
DA:97,2
DA:98,2
DA:99,1
DA:100,1
DA:102,1
DA:105,1
DA:106,1
DA:107,1
DA:108,1
DA:112,2
DA:116,184
DA:154,13
DA:176,46
DA:199,70
DA:222,37
DA:283,1
DA:295,1
LF:83
LH:83
BRDA:42,0,0,1
BRDA:45,1,0,1
BRDA:48,2,0,1
BRDA:62,3,0,6
BRDA:66,4,0,5
BRDA:66,4,1,3
BRDA:69,5,0,1
BRDA:73,6,0,2
BRDA:73,6,1,6
BRDA:78,7,0,3
BRDA:83,8,0,5
BRDA:83,8,1,3
BRDA:86,9,0,1
BRDA:91,10,0,6
BRDA:103,11,0,1
BRDA:103,11,1,0
BRDA:105,12,0,1
BRDA:105,12,1,1
BRDA:106,13,0,1
BRDA:106,13,1,1
BRDA:107,14,0,1
BRDA:107,14,1,1
BRDA:109,15,0,1
BRDA:109,15,1,1
BRDA:239,16,0,184
BRDA:239,16,1,1
BRDA:276,17,0,2
BRDA:276,17,1,182
BRF:28
BRH:27
end_of_record
TN:
SF:src\Components\Layouts\Home\MainCarousel.tsx
FN:21,(anonymous_1)
FN:28,(anonymous_2)
FN:31,(anonymous_3)
FN:32,(anonymous_4)
FN:37,(anonymous_5)
FN:40,(anonymous_6)
FN:42,(anonymous_7)
FN:47,(anonymous_8)
FN:51,(anonymous_9)
FN:53,(anonymous_10)
FN:182,(anonymous_11)
FN:266,(anonymous_12)
FN:269,(anonymous_13)
FN:297,(anonymous_14)
FNF:14
FNH:14
FNDA:16,(anonymous_1)
FNDA:12,(anonymous_2)
FNDA:1,(anonymous_3)
FNDA:1,(anonymous_4)
FNDA:11,(anonymous_5)
FNDA:1,(anonymous_6)
FNDA:1,(anonymous_7)
FNDA:1,(anonymous_8)
FNDA:1,(anonymous_9)
FNDA:1,(anonymous_10)
FNDA:1,(anonymous_11)
FNDA:29,(anonymous_12)
FNDA:1,(anonymous_13)
FNDA:90,(anonymous_14)
DA:1,1
DA:2,1
DA:14,1
DA:15,1
DA:16,1
DA:17,1
DA:18,1
DA:21,1
DA:22,16
DA:23,16
DA:24,16
DA:25,16
DA:26,16
DA:28,16
DA:29,12
DA:31,11
DA:32,1
DA:33,1
DA:37,11
DA:40,16
DA:41,1
DA:42,1
DA:43,1
DA:47,16
DA:48,1
DA:51,16
DA:52,1
DA:53,1
DA:54,1
DA:58,16
DA:59,1
DA:66,15
DA:68,15
DA:182,1
DA:267,29
DA:269,1
DA:298,90
DA:317,1
LF:38
LH:38
BRDA:29,0,0,1
BRDA:33,1,0,0
BRDA:33,1,1,1
BRDA:41,2,0,0
BRDA:43,3,0,0
BRDA:43,3,1,1
BRDA:52,4,0,0
BRDA:54,5,0,1
BRDA:54,5,1,0
BRDA:58,6,0,1
BRDA:128,7,0,3
BRDA:128,7,1,12
BRDA:128,8,0,0
BRDA:128,8,1,12
BRDA:164,9,0,15
BRDA:164,9,1,1
BRDA:233,10,0,3
BRDA:233,10,1,12
BRDA:251,11,0,3
BRDA:251,11,1,12
BRDA:275,12,0,15
BRDA:275,12,1,14
BRF:22
BRH:16
end_of_record
TN:
SF:src\Components\Layouts\Home\MovieCard.tsx
FN:16,(anonymous_1)
FN:27,(anonymous_2)
FN:52,(anonymous_3)
FN:71,(anonymous_4)
FNF:4
FNH:0
FNDA:0,(anonymous_1)
FNDA:0,(anonymous_2)
FNDA:0,(anonymous_3)
FNDA:0,(anonymous_4)
DA:2,0
DA:10,0
DA:11,0
DA:12,0
DA:13,0
DA:16,0
DA:25,0
DA:27,0
DA:53,0
DA:54,0
DA:71,0
DA:145,0
LF:12
LH:0
BRDA:39,0,0,0
BRDA:39,0,1,0
BRDA:63,1,0,0
BRDA:63,1,1,0
BRDA:64,2,0,0
BRDA:64,2,1,0
BRDA:67,3,0,0
BRDA:67,3,1,0
BRDA:75,4,0,0
BRDA:75,4,1,0
BRDA:76,5,0,0
BRDA:76,5,1,0
BRDA:79,6,0,0
BRDA:79,6,1,0
BRDA:84,7,0,0
BRDA:84,7,1,0
BRDA:102,8,0,0
BRDA:102,8,1,0
BRDA:110,9,0,0
BRDA:110,9,1,0
BRDA:112,10,0,0
BRDA:112,10,1,0
BRDA:115,11,0,0
BRDA:115,11,1,0
BRF:24
BRH:0
end_of_record
TN:
SF:src\Components\Layouts\Home\MovieContainer.tsx
FN:9,(anonymous_1)
FN:15,(anonymous_2)
FN:16,(anonymous_3)
FN:32,(anonymous_4)
FN:33,(anonymous_5)
FN:37,(anonymous_6)
FN:38,(anonymous_7)
FNF:7
FNH:0
FNDA:0,(anonymous_1)
FNDA:0,(anonymous_2)
FNDA:0,(anonymous_3)
FNDA:0,(anonymous_4)
FNDA:0,(anonymous_5)
FNDA:0,(anonymous_6)
FNDA:0,(anonymous_7)
DA:1,0
DA:2,0
DA:3,0
DA:4,0
DA:5,0
DA:9,0
DA:10,0
DA:11,0
DA:12,0
DA:13,0
DA:15,0
DA:16,0
DA:17,0
DA:18,0
DA:19,0
DA:21,0
DA:22,0
DA:23,0
DA:24,0
DA:25,0
DA:26,0
DA:27,0
DA:28,0
DA:31,0
DA:32,0
DA:33,0
DA:36,0
DA:37,0
DA:38,0
DA:41,0
DA:42,0
DA:43,0
DA:45,0
DA:47,0
DA:51,0
DA:54,0
DA:55,0
DA:71,0
DA:80,0
LF:39
LH:0
BRDA:24,0,0,0
BRDA:24,0,1,0
BRDA:54,1,0,0
BRF:3
BRH:0
end_of_record
TN:
SF:src\Components\Layouts\Movie\MovieCard.tsx
FN:16,(anonymous_1)
FN:25,(anonymous_2)
FN:67,(anonymous_3)
FN:84,(anonymous_4)
FNF:4
FNH:0
FNDA:0,(anonymous_1)
FNDA:0,(anonymous_2)
FNDA:0,(anonymous_3)
FNDA:0,(anonymous_4)
DA:2,0
DA:10,0
DA:11,0
DA:12,0
DA:13,0
DA:16,0
DA:23,0
DA:25,0
DA:68,0
DA:69,0
DA:85,0
DA:86,0
DA:143,0
LF:13
LH:0
BRDA:39,0,0,0
BRDA:39,0,1,0
BRDA:55,1,0,0
BRDA:55,1,1,0
BRDA:104,2,0,0
BRDA:104,2,1,0
BRF:6
BRH:0
end_of_record
TN:
SF:src\Components\Layouts\Subscription\SubscriptionPlans.tsx
FN:22,(anonymous_0)
FN:68,(anonymous_1)
FN:114,(anonymous_2)
FN:188,(anonymous_3)
FN:203,(anonymous_4)
FN:229,(anonymous_5)
FN:229,(anonymous_6)
FNF:7
FNH:7
FNDA:13,(anonymous_0)
FNDA:2,(anonymous_1)
FNDA:39,(anonymous_2)
FNDA:182,(anonymous_3)
FNDA:4,(anonymous_4)
FNDA:13,(anonymous_5)
FNDA:13,(anonymous_6)
DA:1,1
DA:2,1
DA:18,1
DA:19,1
DA:22,1
DA:23,13
DA:24,13
DA:25,13
DA:26,13
DA:28,13
DA:68,13
DA:69,2
DA:70,0
DA:71,0
DA:74,2
DA:75,2
DA:77,2
DA:78,2
DA:79,1
DA:80,1
DA:82,0
DA:85,1
DA:86,1
DA:90,13
DA:115,39
DA:189,182
DA:203,4
DA:229,13
DA:253,1
LF:29
LH:26
BRDA:69,0,0,0
BRDA:79,1,0,1
BRDA:79,1,1,0
BRDA:85,2,0,1
BRDA:85,2,1,0
BRDA:131,3,0,7
BRDA:131,3,1,32
BRDA:141,4,0,7
BRDA:141,4,1,32
BRDA:142,5,0,7
BRDA:142,5,1,32
BRDA:149,6,0,39
BRDA:149,6,1,13
BRDA:163,7,0,39
BRDA:163,7,1,13
BRDA:200,8,0,7
BRDA:200,8,1,32
BRDA:207,9,0,7
BRDA:207,9,1,32
BRDA:209,10,0,7
BRDA:209,10,1,32
BRDA:214,11,0,7
BRDA:214,11,1,32
BRDA:222,12,0,13
BRDA:222,12,1,7
BRDA:231,13,0,7
BRDA:231,13,1,1
BRDA:240,14,0,2
BRDA:240,14,1,5
BRF:29
BRH:26
end_of_record
TN:
SF:src\Components\Layouts\Subscription\Success.tsx
FN:14,(anonymous_0)
FN:20,(anonymous_1)
FN:21,(anonymous_2)
FN:103,(anonymous_3)
FN:147,(anonymous_4)
FNF:5
FNH:0
FNDA:0,(anonymous_0)
FNDA:0,(anonymous_1)
FNDA:0,(anonymous_2)
FNDA:0,(anonymous_3)
FNDA:0,(anonymous_4)
DA:1,0
DA:2,0
DA:10,0
DA:11,0
DA:12,0
DA:14,0
DA:15,0
DA:16,0
DA:17,0
DA:18,0
DA:20,0
DA:21,0
DA:22,0
DA:23,0
DA:25,0
DA:26,0
DA:27,0
DA:28,0
DA:31,0
DA:32,0
DA:33,0
DA:34,0
DA:35,0
DA:37,0
DA:38,0
DA:39,0
DA:43,0
DA:46,0
DA:103,0
DA:147,0
DA:164,0
LF:31
LH:0
BRDA:25,0,0,0
BRDA:38,1,0,0
BRDA:38,1,1,0
BRDA:78,2,0,0
BRDA:78,2,1,0
BRDA:91,3,0,0
BRDA:91,3,1,0
BRDA:139,4,0,0
BRDA:139,4,1,0
BRF:9
BRH:0
end_of_record
TN:
SF:src\Components\Layouts\WishList\WishList.tsx
FN:43,(anonymous_0)
FN:49,(anonymous_1)
FN:50,(anonymous_2)
FN:66,(anonymous_3)
FN:73,(anonymous_4)
FN:126,(anonymous_5)
FN:154,(anonymous_6)
FN:285,(anonymous_7)
FNF:8
FNH:8
FNDA:14,(anonymous_0)
FNDA:7,(anonymous_1)
FNDA:7,(anonymous_2)
FNDA:2,(anonymous_3)
FNDA:2,(anonymous_4)
FNDA:1,(anonymous_5)
FNDA:7,(anonymous_6)
FNDA:2,(anonymous_7)
DA:1,1
DA:2,1
DA:3,1
DA:15,1
DA:19,1
DA:21,1
DA:23,1
DA:43,1
DA:44,14
DA:45,14
DA:46,14
DA:47,14
DA:49,14
DA:50,7
DA:51,7
DA:52,7
DA:53,7
DA:54,6
DA:55,6
DA:56,6
DA:58,1
DA:59,1
DA:63,7
DA:66,14
DA:67,2
DA:68,2
DA:70,1
DA:71,1
DA:72,1
DA:73,2
DA:74,1
DA:76,0
DA:80,14
DA:81,7
DA:96,7
DA:97,1
DA:112,6
DA:126,1
DA:155,7
DA:285,2
DA:300,1
LF:41
LH:40
BRDA:54,0,0,6
BRDA:54,0,1,0
BRDA:68,1,0,1
BRDA:80,2,0,7
BRDA:96,3,0,1
BRDA:141,4,0,2
BRDA:141,4,1,4
BRDA:255,5,0,7
BRDA:255,5,1,3
BRF:9
BRH:8
end_of_record
